0 info it worked if it ends with ok
1 verbose cli [ '/usr/local/bin/node',
1 verbose cli   '/usr/local/bin/npm',
1 verbose cli   'install',
1 verbose cli   '-g',
1 verbose cli   'angular-fullstack-generator' ]
2 info using npm@1.4.28
3 info using node@v0.10.32
4 verbose cache add [ 'angular-fullstack-generator', null ]
5 verbose cache add name=undefined spec="angular-fullstack-generator" args=["angular-fullstack-generator",null]
6 verbose parsed url { protocol: null,
6 verbose parsed url   slashes: null,
6 verbose parsed url   auth: null,
6 verbose parsed url   host: null,
6 verbose parsed url   port: null,
6 verbose parsed url   hostname: null,
6 verbose parsed url   hash: null,
6 verbose parsed url   search: null,
6 verbose parsed url   query: null,
6 verbose parsed url   pathname: 'angular-fullstack-generator',
6 verbose parsed url   path: 'angular-fullstack-generator',
6 verbose parsed url   href: 'angular-fullstack-generator' }
7 silly lockFile 601a0468-angular-fullstack-generator angular-fullstack-generator
8 verbose lock angular-fullstack-generator /home/will/.npm/601a0468-angular-fullstack-generator.lock
9 silly lockFile 601a0468-angular-fullstack-generator angular-fullstack-generator
10 silly lockFile 601a0468-angular-fullstack-generator angular-fullstack-generator
11 verbose addNamed [ 'angular-fullstack-generator', '' ]
12 verbose addNamed [ null, '*' ]
13 silly lockFile 3f0f9c2f-angular-fullstack-generator angular-fullstack-generator@
14 verbose lock angular-fullstack-generator@ /home/will/.npm/3f0f9c2f-angular-fullstack-generator.lock
15 silly addNameRange { name: 'angular-fullstack-generator',
15 silly addNameRange   range: '*',
15 silly addNameRange   hasData: false }
16 verbose request where is /angular-fullstack-generator
17 verbose request registry https://registry.npmjs.org/
18 verbose request id cd2401e97afd98fe
19 verbose url raw /angular-fullstack-generator
20 verbose url resolving [ 'https://registry.npmjs.org/',
20 verbose url resolving   './angular-fullstack-generator' ]
21 verbose url resolved https://registry.npmjs.org/angular-fullstack-generator
22 verbose request where is https://registry.npmjs.org/angular-fullstack-generator
23 info trying registry request attempt 1 at 18:22:09
24 http GET https://registry.npmjs.org/angular-fullstack-generator
25 http 404 https://registry.npmjs.org/angular-fullstack-generator
26 verbose headers { date: 'Fri, 10 Oct 2014 22:22:09 GMT',
26 verbose headers   server: 'CouchDB/1.5.0 (Erlang OTP/R16B03)',
26 verbose headers   'content-type': 'application/json',
26 verbose headers   'cache-control': 'max-age=0',
26 verbose headers   'content-length': '52',
26 verbose headers   'accept-ranges': 'bytes',
26 verbose headers   via: '1.1 varnish',
26 verbose headers   age: '0',
26 verbose headers   'x-served-by': 'cache-atl6223-ATL',
26 verbose headers   'x-cache': 'MISS',
26 verbose headers   'x-cache-hits': '0',
26 verbose headers   'x-timer': 'S1412979729.242400,VS0,VE25',
26 verbose headers   'keep-alive': 'timeout=10, max=50',
26 verbose headers   connection: 'Keep-Alive' }
27 silly registry.get cb [ 404,
27 silly registry.get   { date: 'Fri, 10 Oct 2014 22:22:09 GMT',
27 silly registry.get     server: 'CouchDB/1.5.0 (Erlang OTP/R16B03)',
27 silly registry.get     'content-type': 'application/json',
27 silly registry.get     'cache-control': 'max-age=0',
27 silly registry.get     'content-length': '52',
27 silly registry.get     'accept-ranges': 'bytes',
27 silly registry.get     via: '1.1 varnish',
27 silly registry.get     age: '0',
27 silly registry.get     'x-served-by': 'cache-atl6223-ATL',
27 silly registry.get     'x-cache': 'MISS',
27 silly registry.get     'x-cache-hits': '0',
27 silly registry.get     'x-timer': 'S1412979729.242400,VS0,VE25',
27 silly registry.get     'keep-alive': 'timeout=10, max=50',
27 silly registry.get     connection: 'Keep-Alive' } ]
28 silly lockFile 3f0f9c2f-angular-fullstack-generator angular-fullstack-generator@
29 silly lockFile 3f0f9c2f-angular-fullstack-generator angular-fullstack-generator@
30 error 404 404 Not Found: angular-fullstack-generator
30 error 404
30 error 404 'angular-fullstack-generator' is not in the npm registry.
30 error 404 You should bug the author to publish it
30 error 404
30 error 404 Note that you can also install from a
30 error 404 tarball, folder, or http url, or git url.
31 error System Linux 3.13.0-24-generic
32 error command "/usr/local/bin/node" "/usr/local/bin/npm" "install" "-g" "angular-fullstack-generator"
33 error cwd /home/will/Dropbox/HackVT
34 error node -v v0.10.32
35 error npm -v 1.4.28
36 error code E404
37 verbose exit [ 1, true ]
